Determining if the pthread_create exist failed with the following output:
Change Dir: /home/alberto/workspaces/workspace14diciembre/build/CMakeFiles/CMakeTmp

Run Build Command:"/usr/bin/make" "cmTC_d7f29/fast"
/usr/bin/make -f CMakeFiles/cmTC_d7f29.dir/build.make CMakeFiles/cmTC_d7f29.dir/build
make[1]: se entra en el directorio '/home/alberto/workspaces/workspace14diciembre/build/CMakeFiles/CMakeTmp'
Building C object CMakeFiles/cmTC_d7f29.dir/CheckSymbolExists.c.o
/usr/bin/cc    -o CMakeFiles/cmTC_d7f29.dir/CheckSymbolExists.c.o   -c /home/alberto/workspaces/workspace14diciembre/build/CMakeFiles/CMakeTmp/CheckSymbolExists.c
Linking C executable cmTC_d7f29
/usr/bin/cmake -E cmake_link_script CMakeFiles/cmTC_d7f29.dir/link.txt --verbose=1
/usr/bin/cc      -rdynamic CMakeFiles/cmTC_d7f29.dir/CheckSymbolExists.c.o  -o cmTC_d7f29 
CMakeFiles/cmTC_d7f29.dir/CheckSymbolExists.c.o: En la función `main':
CheckSymbolExists.c:(.text+0x1b): referencia a `pthread_create' sin definir
collect2: error: ld returned 1 exit status
CMakeFiles/cmTC_d7f29.dir/build.make:97: recipe for target 'cmTC_d7f29' failed
make[1]: *** [cmTC_d7f29] Error 1
make[1]: se sale del directorio '/home/alberto/workspaces/workspace14diciembre/build/CMakeFiles/CMakeTmp'
Makefile:126: recipe for target 'cmTC_d7f29/fast' failed
make: *** [cmTC_d7f29/fast] Error 2

File /home/alberto/workspaces/workspace14diciembre/build/CMakeFiles/CMakeTmp/CheckSymbolExists.c:
/* */
#include <pthread.h>

int main(int argc, char** argv)
{
  (void)argv;
#ifndef pthread_create
  return ((int*)(&pthread_create))[argc];
#else
  (void)argc;
  return 0;
#endif
}

Determining if the function pthread_create exists in the pthreads failed with the following output:
Change Dir: /home/alberto/workspaces/workspace14diciembre/build/CMakeFiles/CMakeTmp

Run Build Command:"/usr/bin/make" "cmTC_f951b/fast"
/usr/bin/make -f CMakeFiles/cmTC_f951b.dir/build.make CMakeFiles/cmTC_f951b.dir/build
make[1]: se entra en el directorio '/home/alberto/workspaces/workspace14diciembre/build/CMakeFiles/CMakeTmp'
Building C object CMakeFiles/cmTC_f951b.dir/CheckFunctionExists.c.o
/usr/bin/cc   -DCHECK_FUNCTION_EXISTS=pthread_create   -o CMakeFiles/cmTC_f951b.dir/CheckFunctionExists.c.o   -c /usr/share/cmake-3.10/Modules/CheckFunctionExists.c
Linking C executable cmTC_f951b
/usr/bin/cmake -E cmake_link_script CMakeFiles/cmTC_f951b.dir/link.txt --verbose=1
/usr/bin/cc  -DCHECK_FUNCTION_EXISTS=pthread_create    -rdynamic CMakeFiles/cmTC_f951b.dir/CheckFunctionExists.c.o  -o cmTC_f951b -lpthreads 
/usr/bin/ld: no se puede encontrar -lpthreads
collect2: error: ld returned 1 exit status
CMakeFiles/cmTC_f951b.dir/build.make:97: recipe for target 'cmTC_f951b' failed
make[1]: *** [cmTC_f951b] Error 1
make[1]: se sale del directorio '/home/alberto/workspaces/workspace14diciembre/build/CMakeFiles/CMakeTmp'
Makefile:126: recipe for target 'cmTC_f951b/fast' failed
make: *** [cmTC_f951b/fast] Error 2


